<?xml version="1.0" encoding="UTF-8"?>
<!-- Generated by org.testng.reporters.JUnitReportReporter -->
<testsuite hostname="Sharikas-MBP.attlocal.net" failures="0" tests="1" name="com.test.tests.TestCases" time="18.519" errors="0" timestamp="14 Jun 2019 05:06:09 GMT">
  <testcase classname="com.test.tests.TestCases" name="verifySimpleSelection" time="18.519"/>
</testsuite> <!-- com.test.tests.TestCases -->
